LogModel{ 
 data:"02-12-2021 18:01:018", 
 tag:"[TAG]", 
 Classe:"com.galo.logstach.LogstachApplication", 
 id:"[id] 9", 
 logs:"{log=[9 REQUEST:  {"nome": "Lucas" 
 "sobrenome": "Galo" 
 "sexo": "M" 
 "dataNascimento": "20-08-1990" 
 } ]}", 
 }
LogModel{ 
 data:"02-12-2021 18:06:015", 
 tag:"[TAG]", 
 Classe:"com.galo.logstach.LogstachApplication", 
 id:"[id] 0", 
 logs:"{log=[0 REQUEST:  {"nome": "Lucas" 
 "sobrenome": "Galo" 
 "sexo": "M" 
 "dataNascimento": "20-08-1990" 
 } ]}", 
 }
LogModel{ 
 data:"02-12-2021 18:06:015", 
 tag:"[TAG]", 
 Classe:"com.galo.logstach.LogstachApplication", 
 id:"[id] 1", 
 logs:"{log=[1 REQUEST:  {"nome": "Lucas" 
 "sobrenome": "Galo" 
 "sexo": "M" 
 "dataNascimento": "20-08-1990" 
 } ]}", 
 }
LogModel{ 
 data:"02-12-2021 18:06:015", 
 tag:"[TAG]", 
 Classe:"com.galo.logstach.LogstachApplication", 
 id:"[id] 2", 
 logs:"{log=[2 REQUEST:  {"nome": "Lucas" 
 "sobrenome": "Galo" 
 "sexo": "M" 
 "dataNascimento": "20-08-1990" 
 } ]}", 
 }
LogModel{ 
 data:"02-12-2021 18:06:015", 
 tag:"[TAG]", 
 Classe:"com.galo.logstach.LogstachApplication", 
 id:"[id] 3", 
 logs:"{log=[3 REQUEST:  {"nome": "Lucas" 
 "sobrenome": "Galo" 
 "sexo": "M" 
 "dataNascimento": "20-08-1990" 
 } ]}", 
 }
LogModel{ 
 data:"02-12-2021 18:06:015", 
 tag:"[TAG]", 
 Classe:"com.galo.logstach.LogstachApplication", 
 id:"[id] 4", 
 logs:"{log=[4 REQUEST:  {"nome": "Lucas" 
 "sobrenome": "Galo" 
 "sexo": "M" 
 "dataNascimento": "20-08-1990" 
 } ]}", 
 }
LogModel{ 
 data:"02-12-2021 18:06:015", 
 tag:"[TAG]", 
 Classe:"com.galo.logstach.LogstachApplication", 
 id:"[id] 5", 
 logs:"{log=[5 REQUEST:  {"nome": "Lucas" 
 "sobrenome": "Galo" 
 "sexo": "M" 
 "dataNascimento": "20-08-1990" 
 } ]}", 
 }
LogModel{ 
 data:"02-12-2021 18:06:015", 
 tag:"[TAG]", 
 Classe:"com.galo.logstach.LogstachApplication", 
 id:"[id] 6", 
 logs:"{log=[6 REQUEST:  {"nome": "Lucas" 
 "sobrenome": "Galo" 
 "sexo": "M" 
 "dataNascimento": "20-08-1990" 
 } ]}", 
 }
LogModel{ 
 data:"02-12-2021 18:06:015", 
 tag:"[TAG]", 
 Classe:"com.galo.logstach.LogstachApplication", 
 id:"[id] 7", 
 logs:"{log=[7 REQUEST:  {"nome": "Lucas" 
 "sobrenome": "Galo" 
 "sexo": "M" 
 "dataNascimento": "20-08-1990" 
 } ]}", 
 }
LogModel{ 
 data:"02-12-2021 18:06:015", 
 tag:"[TAG]", 
 Classe:"com.galo.logstach.LogstachApplication", 
 id:"[id] 8", 
 logs:"{log=[8 REQUEST:  {"nome": "Lucas" 
 "sobrenome": "Galo" 
 "sexo": "M" 
 "dataNascimento": "20-08-1990" 
 } ]}", 
 }
LogModel{ 
 data:"02-12-2021 18:06:015", 
 tag:"[TAG]", 
 Classe:"com.galo.logstach.LogstachApplication", 
 id:"[id] 9", 
 logs:"{log=[9 REQUEST:  {"nome": "Lucas" 
 "sobrenome": "Galo" 
 "sexo": "M" 
 "dataNascimento": "20-08-1990" 
 } ]}", 
 }
LogModel{ 
 data:"02-12-2021 18:45:020", 
 tag:"[TAG]", 
 Classe:"com.galo.logstach.LogstachApplication", 
 id:"[id] 0", 
 logs:"{log=[0 REQUEST:  {"nome": "Lucas" 
 "sobrenome": "Galo" 
 "sexo": "M" 
 "dataNascimento": "20-08-1990" 
 } ]}", 
 }LogModel{ 
 data:"02-12-2021 18:45:020", 
 tag:"[TAG]", 
 Classe:"com.galo.logstach.LogstachApplication", 
 id:"[id] 1", 
 logs:"{log=[1 REQUEST:  {"nome": "Lucas" 
 "sobrenome": "Galo" 
 "sexo": "M" 
 "dataNascimento": "20-08-1990" 
 } ]}", 
 }LogModel{ 
 data:"02-12-2021 18:45:020", 
 tag:"[TAG]", 
 Classe:"com.galo.logstach.LogstachApplication", 
 id:"[id] 2", 
 logs:"{log=[2 REQUEST:  {"nome": "Lucas" 
 "sobrenome": "Galo" 
 "sexo": "M" 
 "dataNascimento": "20-08-1990" 
 } ]}", 
 }LogModel{ 
 data:"02-12-2021 18:45:020", 
 tag:"[TAG]", 
 Classe:"com.galo.logstach.LogstachApplication", 
 id:"[id] 3", 
 logs:"{log=[3 REQUEST:  {"nome": "Lucas" 
 "sobrenome": "Galo" 
 "sexo": "M" 
 "dataNascimento": "20-08-1990" 
 } ]}", 
 }LogModel{ 
 data:"02-12-2021 18:45:020", 
 tag:"[TAG]", 
 Classe:"com.galo.logstach.LogstachApplication", 
 id:"[id] 4", 
 logs:"{log=[4 REQUEST:  {"nome": "Lucas" 
 "sobrenome": "Galo" 
 "sexo": "M" 
 "dataNascimento": "20-08-1990" 
 } ]}", 
 }LogModel{ 
 data:"02-12-2021 18:45:020", 
 tag:"[TAG]", 
 Classe:"com.galo.logstach.LogstachApplication", 
 id:"[id] 5", 
 logs:"{log=[5 REQUEST:  {"nome": "Lucas" 
 "sobrenome": "Galo" 
 "sexo": "M" 
 "dataNascimento": "20-08-1990" 
 } ]}", 
 }LogModel{ 
 data:"02-12-2021 18:45:020", 
 tag:"[TAG]", 
 Classe:"com.galo.logstach.LogstachApplication", 
 id:"[id] 6", 
 logs:"{log=[6 REQUEST:  {"nome": "Lucas" 
 "sobrenome": "Galo" 
 "sexo": "M" 
 "dataNascimento": "20-08-1990" 
 } ]}", 
 }LogModel{ 
 data:"02-12-2021 18:45:020", 
 tag:"[TAG]", 
 Classe:"com.galo.logstach.LogstachApplication", 
 id:"[id] 7", 
 logs:"{log=[7 REQUEST:  {"nome": "Lucas" 
 "sobrenome": "Galo" 
 "sexo": "M" 
 "dataNascimento": "20-08-1990" 
 } ]}", 
 }LogModel{ 
 data:"02-12-2021 18:45:020", 
 tag:"[TAG]", 
 Classe:"com.galo.logstach.LogstachApplication", 
 id:"[id] 8", 
 logs:"{log=[8 REQUEST:  {"nome": "Lucas" 
 "sobrenome": "Galo" 
 "sexo": "M" 
 "dataNascimento": "20-08-1990" 
 } ]}", 
 }LogModel{ 
 data:"02-12-2021 18:45:020", 
 tag:"[TAG]", 
 Classe:"com.galo.logstach.LogstachApplication", 
 id:"[id] 9", 
 logs:"{log=[9 REQUEST:  {"nome": "Lucas" 
 "sobrenome": "Galo" 
 "sexo": "M" 
 "dataNascimento": "20-08-1990" 
 } ]}", 
 }LogModel{ 
 data:"02-12-2021 18:45:044", 
 tag:"[TAG]", 
 Classe:"com.galo.logstach.LogstachApplication", 
 id:"[id] 0", 
 logs:"{log=[0 REQUEST:  {"nome": "Lucas" 
 "sobrenome": "Galo" 
 "sexo": "M" 
 "dataNascimento": "20-08-1990" 
 } ]}", 
 }LogModel{ 
 data:"02-12-2021 18:45:044", 
 tag:"[TAG]", 
 Classe:"com.galo.logstach.LogstachApplication", 
 id:"[id] 1", 
 logs:"{log=[1 REQUEST:  {"nome": "Lucas" 
 "sobrenome": "Galo" 
 "sexo": "M" 
 "dataNascimento": "20-08-1990" 
 } ]}", 
 }LogModel{ 
 data:"02-12-2021 18:45:044", 
 tag:"[TAG]", 
 Classe:"com.galo.logstach.LogstachApplication", 
 id:"[id] 2", 
 logs:"{log=[2 REQUEST:  {"nome": "Lucas" 
 "sobrenome": "Galo" 
 "sexo": "M" 
 "dataNascimento": "20-08-1990" 
 } ]}", 
 }LogModel{ 
 data:"02-12-2021 18:45:044", 
 tag:"[TAG]", 
 Classe:"com.galo.logstach.LogstachApplication", 
 id:"[id] 3", 
 logs:"{log=[3 REQUEST:  {"nome": "Lucas" 
 "sobrenome": "Galo" 
 "sexo": "M" 
 "dataNascimento": "20-08-1990" 
 } ]}", 
 }LogModel{ 
 data:"02-12-2021 18:45:044", 
 tag:"[TAG]", 
 Classe:"com.galo.logstach.LogstachApplication", 
 id:"[id] 4", 
 logs:"{log=[4 REQUEST:  {"nome": "Lucas" 
 "sobrenome": "Galo" 
 "sexo": "M" 
 "dataNascimento": "20-08-1990" 
 } ]}", 
 }LogModel{ 
 data:"02-12-2021 18:45:044", 
 tag:"[TAG]", 
 Classe:"com.galo.logstach.LogstachApplication", 
 id:"[id] 5", 
 logs:"{log=[5 REQUEST:  {"nome": "Lucas" 
 "sobrenome": "Galo" 
 "sexo": "M" 
 "dataNascimento": "20-08-1990" 
 } ]}", 
 }LogModel{ 
 data:"02-12-2021 18:45:044", 
 tag:"[TAG]", 
 Classe:"com.galo.logstach.LogstachApplication", 
 id:"[id] 6", 
 logs:"{log=[6 REQUEST:  {"nome": "Lucas" 
 "sobrenome": "Galo" 
 "sexo": "M" 
 "dataNascimento": "20-08-1990" 
 } ]}", 
 }LogModel{ 
 data:"02-12-2021 18:45:044", 
 tag:"[TAG]", 
 Classe:"com.galo.logstach.LogstachApplication", 
 id:"[id] 7", 
 logs:"{log=[7 REQUEST:  {"nome": "Lucas" 
 "sobrenome": "Galo" 
 "sexo": "M" 
 "dataNascimento": "20-08-1990" 
 } ]}", 
 }LogModel{ 
 data:"02-12-2021 18:45:044", 
 tag:"[TAG]", 
 Classe:"com.galo.logstach.LogstachApplication", 
 id:"[id] 8", 
 logs:"{log=[8 REQUEST:  {"nome": "Lucas" 
 "sobrenome": "Galo" 
 "sexo": "M" 
 "dataNascimento": "20-08-1990" 
 } ]}", 
 }LogModel{ 
 data:"02-12-2021 18:45:044", 
 tag:"[TAG]", 
 Classe:"com.galo.logstach.LogstachApplication", 
 id:"[id] 9", 
 logs:"{log=[9 REQUEST:  {"nome": "Lucas" 
 "sobrenome": "Galo" 
 "sexo": "M" 
 "dataNascimento": "20-08-1990" 
 } ]}", 
 }LogModel{ 
 data:"02-12-2021 18:55:041", 
 tag:"[TAG]", 
 version:"[VERISON] 1.0.1", 
 Classe:"com.galo.logstach.LogstachApplication", 
 id:"[id] 0", 
 logs:"{log=[0 REQUEST:  {"nome": "Lucas" 
 "sobrenome": "Galo" 
 "sexo": "M" 
 "dataNascimento": "20-08-1990" 
 } ]}", 
 }LogModel{ 
 data:"02-12-2021 18:55:041", 
 tag:"[TAG]", 
 version:"[VERISON] 1.0.1", 
 Classe:"com.galo.logstach.LogstachApplication", 
 id:"[id] 1", 
 logs:"{log=[1 REQUEST:  {"nome": "Lucas" 
 "sobrenome": "Galo" 
 "sexo": "M" 
 "dataNascimento": "20-08-1990" 
 } ]}", 
 }LogModel{ 
 data:"02-12-2021 18:55:041", 
 tag:"[TAG]", 
 version:"[VERISON] 1.0.1", 
 Classe:"com.galo.logstach.LogstachApplication", 
 id:"[id] 2", 
 logs:"{log=[2 REQUEST:  {"nome": "Lucas" 
 "sobrenome": "Galo" 
 "sexo": "M" 
 "dataNascimento": "20-08-1990" 
 } ]}", 
 }LogModel{ 
 data:"02-12-2021 18:55:041", 
 tag:"[TAG]", 
 version:"[VERISON] 1.0.1", 
 Classe:"com.galo.logstach.LogstachApplication", 
 id:"[id] 3", 
 logs:"{log=[3 REQUEST:  {"nome": "Lucas" 
 "sobrenome": "Galo" 
 "sexo": "M" 
 "dataNascimento": "20-08-1990" 
 } ]}", 
 }LogModel{ 
 data:"02-12-2021 18:55:041", 
 tag:"[TAG]", 
 version:"[VERISON] 1.0.1", 
 Classe:"com.galo.logstach.LogstachApplication", 
 id:"[id] 4", 
 logs:"{log=[4 REQUEST:  {"nome": "Lucas" 
 "sobrenome": "Galo" 
 "sexo": "M" 
 "dataNascimento": "20-08-1990" 
 } ]}", 
 }LogModel{ 
 data:"02-12-2021 18:55:041", 
 tag:"[TAG]", 
 version:"[VERISON] 1.0.1", 
 Classe:"com.galo.logstach.LogstachApplication", 
 id:"[id] 5", 
 logs:"{log=[5 REQUEST:  {"nome": "Lucas" 
 "sobrenome": "Galo" 
 "sexo": "M" 
 "dataNascimento": "20-08-1990" 
 } ]}", 
 }LogModel{ 
 data:"02-12-2021 18:55:041", 
 tag:"[TAG]", 
 version:"[VERISON] 1.0.1", 
 Classe:"com.galo.logstach.LogstachApplication", 
 id:"[id] 6", 
 logs:"{log=[6 REQUEST:  {"nome": "Lucas" 
 "sobrenome": "Galo" 
 "sexo": "M" 
 "dataNascimento": "20-08-1990" 
 } ]}", 
 }LogModel{ 
 data:"02-12-2021 18:55:041", 
 tag:"[TAG]", 
 version:"[VERISON] 1.0.1", 
 Classe:"com.galo.logstach.LogstachApplication", 
 id:"[id] 7", 
 logs:"{log=[7 REQUEST:  {"nome": "Lucas" 
 "sobrenome": "Galo" 
 "sexo": "M" 
 "dataNascimento": "20-08-1990" 
 } ]}", 
 }LogModel{ 
 data:"02-12-2021 18:55:041", 
 tag:"[TAG]", 
 version:"[VERISON] 1.0.1", 
 Classe:"com.galo.logstach.LogstachApplication", 
 id:"[id] 8", 
 logs:"{log=[8 REQUEST:  {"nome": "Lucas" 
 "sobrenome": "Galo" 
 "sexo": "M" 
 "dataNascimento": "20-08-1990" 
 } ]}", 
 }LogModel{ 
 data:"02-12-2021 18:55:041", 
 tag:"[TAG]", 
 version:"[VERISON] 1.0.1", 
 Classe:"com.galo.logstach.LogstachApplication", 
 id:"[id] 9", 
 logs:"{log=[9 REQUEST:  {"nome": "Lucas" 
 "sobrenome": "Galo" 
 "sexo": "M" 
 "dataNascimento": "20-08-1990" 
 } ]}", 
 }LogModel{ 
 data:"02-12-2021 18:55:050", 
 tag:"[TAG]", 
 version:"[VERISON] 1.0.1", 
 Classe:"com.galo.logstach.LogstachApplication", 
 id:"[id] 0", 
 logs:"{log=[0 REQUEST:  {"nome": "Lucas" 
 "sobrenome": "Galo" 
 "sexo": "M" 
 "dataNascimento": "20-08-1990" 
 } ]}", 
 }LogModel{ 
 data:"02-12-2021 18:55:050", 
 tag:"[TAG]", 
 version:"[VERISON] 1.0.1", 
 Classe:"com.galo.logstach.LogstachApplication", 
 id:"[id] 1", 
 logs:"{log=[1 REQUEST:  {"nome": "Lucas" 
 "sobrenome": "Galo" 
 "sexo": "M" 
 "dataNascimento": "20-08-1990" 
 } ]}", 
 }LogModel{ 
 data:"02-12-2021 18:55:050", 
 tag:"[TAG]", 
 version:"[VERISON] 1.0.1", 
 Classe:"com.galo.logstach.LogstachApplication", 
 id:"[id] 2", 
 logs:"{log=[2 REQUEST:  {"nome": "Lucas" 
 "sobrenome": "Galo" 
 "sexo": "M" 
 "dataNascimento": "20-08-1990" 
 } ]}", 
 }LogModel{ 
 data:"02-12-2021 18:55:050", 
 tag:"[TAG]", 
 version:"[VERISON] 1.0.1", 
 Classe:"com.galo.logstach.LogstachApplication", 
 id:"[id] 3", 
 logs:"{log=[3 REQUEST:  {"nome": "Lucas" 
 "sobrenome": "Galo" 
 "sexo": "M" 
 "dataNascimento": "20-08-1990" 
 } ]}", 
 }LogModel{ 
 data:"02-12-2021 18:55:050", 
 tag:"[TAG]", 
 version:"[VERISON] 1.0.1", 
 Classe:"com.galo.logstach.LogstachApplication", 
 id:"[id] 4", 
 logs:"{log=[4 REQUEST:  {"nome": "Lucas" 
 "sobrenome": "Galo" 
 "sexo": "M" 
 "dataNascimento": "20-08-1990" 
 } ]}", 
 }LogModel{ 
 data:"02-12-2021 18:55:050", 
 tag:"[TAG]", 
 version:"[VERISON] 1.0.1", 
 Classe:"com.galo.logstach.LogstachApplication", 
 id:"[id] 5", 
 logs:"{log=[5 REQUEST:  {"nome": "Lucas" 
 "sobrenome": "Galo" 
 "sexo": "M" 
 "dataNascimento": "20-08-1990" 
 } ]}", 
 }LogModel{ 
 data:"02-12-2021 18:55:050", 
 tag:"[TAG]", 
 version:"[VERISON] 1.0.1", 
 Classe:"com.galo.logstach.LogstachApplication", 
 id:"[id] 6", 
 logs:"{log=[6 REQUEST:  {"nome": "Lucas" 
 "sobrenome": "Galo" 
 "sexo": "M" 
 "dataNascimento": "20-08-1990" 
 } ]}", 
 }LogModel{ 
 data:"02-12-2021 18:55:050", 
 tag:"[TAG]", 
 version:"[VERISON] 1.0.1", 
 Classe:"com.galo.logstach.LogstachApplication", 
 id:"[id] 7", 
 logs:"{log=[7 REQUEST:  {"nome": "Lucas" 
 "sobrenome": "Galo" 
 "sexo": "M" 
 "dataNascimento": "20-08-1990" 
 } ]}", 
 }LogModel{ 
 data:"02-12-2021 18:55:050", 
 tag:"[TAG]", 
 version:"[VERISON] 1.0.1", 
 Classe:"com.galo.logstach.LogstachApplication", 
 id:"[id] 8", 
 logs:"{log=[8 REQUEST:  {"nome": "Lucas" 
 "sobrenome": "Galo" 
 "sexo": "M" 
 "dataNascimento": "20-08-1990" 
 } ]}", 
 }LogModel{ 
 data:"02-12-2021 18:55:050", 
 tag:"[TAG]", 
 version:"[VERISON] 1.0.1", 
 Classe:"com.galo.logstach.LogstachApplication", 
 id:"[id] 9", 
 logs:"{log=[9 REQUEST:  {"nome": "Lucas" 
 "sobrenome": "Galo" 
 "sexo": "M" 
 "dataNascimento": "20-08-1990" 
 } ]}", 
 }